<?xml version="1.0" encoding="UTF-8"?>
<testng-results ignored="0" total="2" passed="2" failed="0" skipped="0">
  <reporter-output>
  </reporter-output>
  <suite started-at="2024-07-11T14:40:02 CDT" name="Master Suite" finished-at="2024-07-11T14:40:20 CDT" duration-ms="18374">
    <groups>
      <group name="Master">
        <method signature="TC001_AccountRegistrationTest.verify_account_Registration()[pri:0, instance:testCases.TC001_AccountRegistrationTest@2c4ca0f9]" name="verify_account_Registration" class="testCases.TC001_AccountRegistrationTest"/>
        <method signature="TC002_LoginTest.verify_login()[pri:0, instance:testCases.TC002_LoginTest@6e57e95e]" name="verify_login" class="testCases.TC002_LoginTest"/>
      </group> <!-- Master -->
      <group name="Regression">
        <method signature="TC001_AccountRegistrationTest.verify_account_Registration()[pri:0, instance:testCases.TC001_AccountRegistrationTest@2c4ca0f9]" name="verify_account_Registration" class="testCases.TC001_AccountRegistrationTest"/>
      </group> <!-- Regression -->
      <group name="sanity">
        <method signature="TC002_LoginTest.verify_login()[pri:0, instance:testCases.TC002_LoginTest@6e57e95e]" name="verify_login" class="testCases.TC002_LoginTest"/>
      </group> <!-- sanity -->
    </groups>
    <test started-at="2024-07-11T14:40:02 CDT" name="Test" finished-at="2024-07-11T14:40:20 CDT" duration-ms="18374">
      <class name="testCases.TC002_LoginTest">
        <test-method is-config="true" signature="setup(java.lang.String,java.lang.String)[pri:0, instance:testCases.TC002_LoginTest@6e57e95e]" started-at="2024-07-11T14:40:14 CDT" name="setup" finished-at="2024-07-11T14:40:18 CDT" duration-ms="4348" status="PASS">
          <params>
            <param index="0">
              <value>
                <![CDATA[windows]]>
              </value>
            </param>
            <param index="1">
              <value>
                <![CDATA[chrome]]>
              </value>
            </param>
          </params>
          <reporter-output>
          </reporter-output>
        </test-method> <!-- setup -->
        <test-method signature="verify_login()[pri:0, instance:testCases.TC002_LoginTest@6e57e95e]" started-at="2024-07-11T14:40:18 CDT" name="verify_login" finished-at="2024-07-11T14:40:20 CDT" duration-ms="2066" status="PASS">
          <reporter-output>
          </reporter-output>
        </test-method> <!-- verify_login -->
        <test-method is-config="true" signature="teardown()[pri:0, instance:testCases.TC002_LoginTest@6e57e95e]" started-at="2024-07-11T14:40:20 CDT" name="teardown" finished-at="2024-07-11T14:40:20 CDT" duration-ms="234" status="PASS">
          <reporter-output>
          </reporter-output>
        </test-method> <!-- teardown -->
      </class> <!-- testCases.TC002_LoginTest -->
      <class name="testCases.TC001_AccountRegistrationTest">
        <test-method is-config="true" signature="setup(java.lang.String,java.lang.String)[pri:0, instance:testCases.TC001_AccountRegistrationTest@2c4ca0f9]" started-at="2024-07-11T14:40:02 CDT" name="setup" finished-at="2024-07-11T14:40:09 CDT" duration-ms="6908" status="PASS">
          <params>
            <param index="0">
              <value>
                <![CDATA[windows]]>
              </value>
            </param>
            <param index="1">
              <value>
                <![CDATA[chrome]]>
              </value>
            </param>
          </params>
          <reporter-output>
          </reporter-output>
        </test-method> <!-- setup -->
        <test-method signature="verify_account_Registration()[pri:0, instance:testCases.TC001_AccountRegistrationTest@2c4ca0f9]" started-at="2024-07-11T14:40:09 CDT" name="verify_account_Registration" finished-at="2024-07-11T14:40:13 CDT" duration-ms="4123" status="PASS">
          <reporter-output>
          </reporter-output>
        </test-method> <!-- verify_account_Registration -->
        <test-method is-config="true" signature="teardown()[pri:0, instance:testCases.TC001_AccountRegistrationTest@2c4ca0f9]" started-at="2024-07-11T14:40:13 CDT" name="teardown" finished-at="2024-07-11T14:40:14 CDT" duration-ms="207" status="PASS">
          <reporter-output>
          </reporter-output>
        </test-method> <!-- teardown -->
      </class> <!-- testCases.TC001_AccountRegistrationTest -->
    </test> <!-- Test -->
  </suite> <!-- Master Suite -->
</testng-results>
